[debug] [2019-10-30T17:24:24.302Z] ----------------------------------------------------------------------
[debug] [2019-10-30T17:24:24.304Z] Command:       /usr/bin/node /usr/bin/firebase serve
[debug] [2019-10-30T17:24:24.304Z] CLI Version:   7.2.1
[debug] [2019-10-30T17:24:24.304Z] Platform:      linux
[debug] [2019-10-30T17:24:24.304Z] Node Version:  v10.15.3
[debug] [2019-10-30T17:24:24.304Z] Time:          Thu Oct 31 2019 01:24:24 GMT+0800 (Philippine Standard Time)
[debug] [2019-10-30T17:24:24.304Z] ----------------------------------------------------------------------
[debug] 
[debug] [2019-10-30T17:24:24.308Z] > command requires scopes: ["email","openid","https://www.googleapis.com/auth/cloudplatformprojects.readonly","https://www.googleapis.com/auth/firebase","https://www.googleapis.com/auth/cloud-platform"]
[debug] [2019-10-30T17:24:24.308Z] > authorizing via signed-in user
[debug] [2019-10-30T17:24:24.308Z] [iam] checking project trex-000 for permissions ["firebase.projects.get"]
[debug] [2019-10-30T17:24:24.309Z] > refreshing access token with scopes: ["email","https://www.googleapis.com/auth/cloud-platform","https://www.googleapis.com/auth/cloudplatformprojects.readonly","https://www.googleapis.com/auth/firebase","openid"]
[debug] [2019-10-30T17:24:24.309Z] >>> HTTP REQUEST POST https://www.googleapis.com/oauth2/v3/token  
 <request body omitted>
[debug] [2019-10-30T17:24:24.454Z] <<< HTTP RESPONSE 200
[debug] [2019-10-30T17:24:24.464Z] >>> HTTP REQUEST POST https://cloudresourcemanager.googleapis.com/v1/projects/trex-000:testIamPermissions  

[debug] [2019-10-30T17:24:25.500Z] <<< HTTP RESPONSE 200
[debug] [2019-10-30T17:24:25.502Z] >>> HTTP REQUEST GET https://firebase.googleapis.com/v1beta1/projects/trex-000  
 
[debug] [2019-10-30T17:24:26.272Z] <<< HTTP RESPONSE 200
[info] 
[info] === Serving from '/usr/local/google/home/rommelp/dev/hackton/t-rex-runner'...
[info] 
[debug] [2019-10-30T17:24:26.278Z] >>> HTTP REQUEST GET https://firebase.googleapis.com/v1beta1/projects/trex-000/webApps/-/config  
 
[warn] ⚠  Your requested "node" version "8" doesn't match your global version "10"
[debug] [2019-10-30T17:24:26.289Z] >>> HTTP REQUEST GET https://firebase.googleapis.com/v1beta1/projects/trex-000/adminSdkConfig  
 
[debug] [2019-10-30T17:24:26.981Z] <<< HTTP RESPONSE 200
[debug] [2019-10-30T17:24:27.067Z] <<< HTTP RESPONSE 200
[info] i  hosting: Serving hosting files from: public
[info] ✔  hosting: Local server: http://localhost:5000
[info] ✔  functions: Emulator started at http://localhost:5001
[info] i  functions: Watching "/usr/local/google/home/rommelp/dev/hackton/t-rex-runner/functions" for Cloud Functions...
[debug] [2019-10-30T17:24:27.458Z] [runtime-status] Functions runtime initialized. {"cwd":"/usr/local/google/home/rommelp/dev/hackton/t-rex-runner/functions","node_version":"10.15.3"}
[debug] [2019-10-30T17:24:27.459Z] [runtime-status] Disabled runtime features: {"functions_config_helper":true,"network_filtering":true,"timeout":true,"memory_limiting":true,"protect_env":true,"admin_stubs":true} {}
[warn] ⚠  The Cloud Functions emulator requires the module "firebase-admin" to be installed. This package is in your package.json, but it's not available. You probably need to run "npm install" in your functions directory.
[info] i  functions: Your functions could not be parsed due to an issue with your node_modules (see above)
